13:30:02.425 [main                     ] DEBUG Logger               - Configured Logger
13:30:02.439 [main                     ] DEBUG GameApplication      - Logging settings
Title: HandyDisplay
Version: dev
Width: 800
Height: 600
Fullscreen: false
Intro: false
Profiling: false
Single step:false
App Mode: DEVELOPER
Menu Key: ESCAPE
Stage Style: DECORATED
Scene Factory: class com.almasb.fxgl.app.scene.SceneFactory

13:30:02.746 [JavaFX Application Thread] DEBUG FXGLApplication      - Initializing FXGL
13:30:02.749 [JavaFX Application Thread] INFO  Engine               - FXGL-17.3 (30.03.2023 11.49) on WINDOWS (J:17.0.3.1 FX:20)
13:30:02.749 [JavaFX Application Thread] DEBUG Engine               - JRE Vendor Name: Oracle Corporation
13:30:02.750 [JavaFX Application Thread] DEBUG Engine               - Running on OS: Windows 10 version 10.0
13:30:02.750 [JavaFX Application Thread] DEBUG Engine               - Architecture: amd64
13:30:02.750 [JavaFX Application Thread] INFO  Engine               - Source code and latest versions at: https://github.com/AlmasB/FXGL
13:30:02.750 [JavaFX Application Thread] INFO  Engine               -       Ask questions and discuss at: https://github.com/AlmasB/FXGL/discussions
13:30:02.750 [JavaFX Application Thread] INFO  Engine               -              Join the FXGL chat at: https://gitter.im/AlmasB/FXGL
13:30:02.833 [JavaFX Application Thread] DEBUG PrimaryStageWindow   - Creating a JavaFX scene
13:30:02.872 [JavaFX Application Thread] DEBUG PrimaryStageWindow   - Target settings size: 800.0 x 600.0
13:30:02.872 [JavaFX Application Thread] DEBUG PrimaryStageWindow   - Scaled scene size:    800.0 x 600.0
13:30:02.873 [JavaFX Application Thread] DEBUG PrimaryStageWindow   - Scaled ratio: (1.0, 1.0)
13:30:02.873 [JavaFX Application Thread] DEBUG PrimaryStageWindow   - Set initial scene to FXGLStartupScene
13:30:02.876 [JavaFX Application Thread] DEBUG PrimaryStageWindow   - Opening main window
13:30:02.935 [JavaFX Application Thread] DEBUG PrimaryStageWindow   - Window border size: (16.0, 39.0)
13:30:02.935 [JavaFX Application Thread] DEBUG PrimaryStageWindow   - Scaled size: 800.0 x 600.0
13:30:02.935 [JavaFX Application Thread] DEBUG PrimaryStageWindow   - Scaled ratio: (1.0, 1.0)
13:30:02.936 [JavaFX Application Thread] DEBUG PrimaryStageWindow   - Scene size: 800.0 x 600.0
13:30:02.936 [JavaFX Application Thread] DEBUG PrimaryStageWindow   - Stage size: 816.0 x 639.0
13:30:02.940 [FXGL Background Thread 1 ] DEBUG Engine               - Initializing environment variables
13:30:02.958 [FXGL Background Thread 1 ] DEBUG FXGLAssetLoaderServi - User app class for loading assets: class uk.iatom.handydisplay.fxgl.HDApp
13:30:02.959 [FXGL Background Thread 1 ] DEBUG GameApplicationServi - Applying CSS: fxgl_dark.css
13:30:02.959 [FXGL Background Thread 1 ] DEBUG FXGLAssetLoaderServi - Loading from file system: jar:file:///C:/Users/GenElectrovise/.gradle/caches/modules-2/files-2.1/com.github.almasb/fxgl/17.3/614d2b2607c97fe7b539dfa75036066a8010f74b/fxgl-17.3.jar!/fxglassets/ui/css/fxgl_dark.css
13:30:03.147 [FXGL Background Thread 1 ] DEBUG GameApplicationServi - Initializing application scenes
13:30:03.169 [FXGL Background Thread 1 ] DEBUG GameWorld            - Game world initialized
13:30:03.204 [FXGL Background Thread 1 ] DEBUG PhysicsWorld         - Physics world initialized: appHeight=600, physics.ppm=50.0
13:30:03.204 [FXGL Background Thread 1 ] DEBUG PhysicsWorld         - Using strategy: BRUTE_FORCE
13:30:03.208 [FXGL Background Thread 1 ] DEBUG GameScene            - Game scene initialized: 800x600
13:30:03.216 [FXGL Background Thread 1 ] DEBUG FXGL.DefaultMenu     - createMenuBodyGameMenu()
13:30:03.227 [FXGL Background Thread 1 ] DEBUG FXGL.DefaultMenu     - createOptionsMenu()
13:30:03.236 [FXGL Background Thread 1 ] DEBUG FXGLAssetLoaderServi - Loading from file system: jar:file:///C:/Users/GenElectrovise/.gradle/caches/modules-2/files-2.1/com.github.almasb/fxgl/17.3/614d2b2607c97fe7b539dfa75036066a8010f74b/fxgl-17.3.jar!/fxglassets/textures/particles/smoke.png
13:30:03.292 [FXGL Background Thread 1 ] DEBUG FXGLAssetLoaderServi - Loading from file system: jar:file:///C:/Users/GenElectrovise/.gradle/caches/modules-2/files-2.1/com.github.almasb/fxgl/17.3/614d2b2607c97fe7b539dfa75036066a8010f74b/fxgl-17.3.jar!/fxglassets/textures/particles/trace_horizontal.png
13:30:03.314 [FXGL Background Thread 1 ] DEBUG GameApplicationServi - Application scenes initialized
13:30:03.322 [FXGL Background Thread 1 ] DEBUG SystemBundleService  - Loading FXGL system data
13:30:03.323 [FXGL Background Thread 1 ] WARN  SystemBundleService  - Failed to load: java.io.FileNotFoundException: C:\Users\GenElectrovise\OneDrive\Desktop\Programming\HandyDisplay\HandyDisplayKotlin\system\fxgl.bundle (The system cannot find the file specified)
13:30:03.323 [FXGL Background Thread 1 ] DEBUG SystemBundleService  - Loading default FXGL system data
13:30:03.324 [FXGL Background Thread 1 ] DEBUG UpdaterService       - Checking for updates
13:30:03.326 [FXGL Background Thread 4 ] DEBUG FXGLApplication      - Loading fonts
13:30:03.326 [FXGL Background Thread 1 ] DEBUG FXGLApplication      - Loading default localization
13:30:03.327 [FXGL Background Thread 4 ] DEBUG FXGLAssetLoaderServi - Loading from file system: jar:file:///C:/Users/GenElectrovise/.gradle/caches/modules-2/files-2.1/com.github.almasb/fxgl/17.3/614d2b2607c97fe7b539dfa75036066a8010f74b/fxgl-17.3.jar!/fxglassets/ui/fonts/VarelaRound-Regular.ttf
13:30:03.327 [FXGL Background Thread 1 ] DEBUG FXGLAssetLoaderServi - Loading from file system: jar:file:///C:/Users/GenElectrovise/.gradle/caches/modules-2/files-2.1/com.github.almasb/fxgl/17.3/614d2b2607c97fe7b539dfa75036066a8010f74b/fxgl-17.3.jar!/fxglassets/languages/english.lang
13:30:03.336 [FXGL Background Thread 1 ] INFO  FXGLApplication      - FXGL initialization took: 0.396 sec
13:30:03.357 [JavaFX Application Thread] DEBUG FXGLAssetLoaderServi - Loading from file system: jar:file:///C:/Users/GenElectrovise/.gradle/caches/modules-2/files-2.1/com.github.almasb/fxgl/17.3/614d2b2607c97fe7b539dfa75036066a8010f74b/fxgl-17.3.jar!/fxglassets/textures/fxgl_icon.png
13:30:03.378 [FXGL Background Thread 4 ] DEBUG FXGLAssetLoaderServi - Loading from file system: jar:file:///C:/Users/GenElectrovise/.gradle/caches/modules-2/files-2.1/com.github.almasb/fxgl/17.3/614d2b2607c97fe7b539dfa75036066a8010f74b/fxgl-17.3.jar!/fxglassets/ui/fonts/Abel-Regular.ttf
13:30:03.384 [FXGL Background Thread 4 ] DEBUG FXGLAssetLoaderServi - Loading from file system: jar:file:///C:/Users/GenElectrovise/.gradle/caches/modules-2/files-2.1/com.github.almasb/fxgl/17.3/614d2b2607c97fe7b539dfa75036066a8010f74b/fxgl-17.3.jar!/fxglassets/ui/fonts/TerminalLandMono-Regular.otf
13:30:03.387 [JavaFX Application Thread] DEBUG FXGLAssetLoaderServi - Loading from file system: jar:file:///C:/Users/GenElectrovise/.gradle/caches/modules-2/files-2.1/com.github.almasb/fxgl/17.3/614d2b2607c97fe7b539dfa75036066a8010f74b/fxgl-17.3.jar!/fxglassets/textures/fxgl_default_cursor.png
13:30:03.392 [FXGL Background Thread 4 ] DEBUG FXGLAssetLoaderServi - Loading from file system: jar:file:///C:/Users/GenElectrovise/.gradle/caches/modules-2/files-2.1/com.github.almasb/fxgl/17.3/614d2b2607c97fe7b539dfa75036066a8010f74b/fxgl-17.3.jar!/fxglassets/ui/fonts/Courier-Prime.ttf
13:30:03.392 [JavaFX Application Thread] DEBUG Input                - Registered new binding: Screenshot - CTRL+8
13:30:03.393 [JavaFX Application Thread] DEBUG Input                - Registered new binding: System info dump - CTRL+9
13:30:03.393 [JavaFX Application Thread] DEBUG Input                - Registered new binding: Restart - CTRL+R
13:30:03.393 [JavaFX Application Thread] DEBUG Input                - Registered new binding: Toggle Debug Camera - CTRL+7
13:30:03.396 [JavaFX Application Thread] DEBUG LoopRunner           - Starting loop
13:30:03.396 [JavaFX Application Thread] DEBUG LoopRunner           - Initializing JavaFX AnimationTimerLoop
13:30:03.397 [JavaFX Application Thread] DEBUG GameApplicationServi - Starting new game
13:30:03.397 [JavaFX Application Thread] DEBUG Input                - Clearing active input actions
13:30:03.524 [JavaFX Application Thread] DEBUG GameApplicationServi - Removing overlay from FXGLStartupScene and adding to FXGLLoadingScene
13:30:03.524 [JavaFX Application Thread] DEBUG PrimaryStageWindow   - FXGLStartupScene -> FXGLLoadingScene
13:30:03.524 [JavaFX Application Thread] DEBUG GameApplicationServi - Clearing previous game
13:30:03.524 [JavaFX Application Thread] DEBUG GameScene            - Clearing game scene
13:30:03.524 [JavaFX Application Thread] DEBUG GameWorld            - Clearing game world
13:30:03.524 [JavaFX Application Thread] DEBUG PhysicsWorld         - Clearing physics world
13:30:03.525 [JavaFX Application Thread] DEBUG FXGLApplication      - Registering font factories with UI factory
13:30:03.525 [FXGL Background Thread 4 ] DEBUG FXGLApplication      - Initializing game
13:30:03.526 [FXGL Background Thread 4 ] INFO  FXGLApplication      - Game initialization took: 0.001 sec
13:30:03.559 [JavaFX Application Thread] DEBUG Input                - Clearing active input actions
13:30:03.623 [JavaFX Application Thread] DEBUG GameApplicationServi - Removing overlay from FXGLLoadingScene and adding to GameScene
13:30:03.623 [JavaFX Application Thread] DEBUG PrimaryStageWindow   - FXGLLoadingScene -> GameScene
13:30:06.327 [FXGL Background Thread 3 ] DEBUG Engine               - Logging environment variables
13:30:06.329 [FXGL Background Thread 3 ] DEBUG Engine               - achievements: []
13:30:06.329 [FXGL Background Thread 3 ] DEBUG Engine               - actualHeight: 600.0
13:30:06.329 [FXGL Background Thread 3 ] DEBUG Engine               - actualHeightProperty: ReadOnlyDoubleProperty [value: 600.0]
13:30:06.329 [FXGL Background Thread 3 ] DEBUG Engine               - actualWidth: 800.0
13:30:06.330 [FXGL Background Thread 3 ] DEBUG Engine               - actualWidthProperty: ReadOnlyDoubleProperty [value: 800.0]
13:30:06.330 [FXGL Background Thread 3 ] DEBUG Engine               - appIcon: fxgl_icon.png
13:30:06.330 [FXGL Background Thread 3 ] DEBUG Engine               - applicationMode: DEVELOPER
13:30:06.330 [FXGL Background Thread 3 ] DEBUG Engine               - cSSList: [fxgl_dark.css]
13:30:06.330 [FXGL Background Thread 3 ] DEBUG Engine               - collisionDetectionStrategy: BRUTE_FORCE
13:30:06.330 [FXGL Background Thread 3 ] DEBUG Engine               - configClass: Optional.empty
13:30:06.330 [FXGL Background Thread 3 ] DEBUG Engine               - credits: [Adam Spencer]
13:30:06.332 [FXGL Background Thread 3 ] DEBUG Engine               - defaultCursor: CursorInfo(imageName=fxgl_default_cursor.png, hotspotX=7.0, hotspotY=6.0)
13:30:06.332 [FXGL Background Thread 3 ] DEBUG Engine               - devBBoxColorProperty: ObjectProperty [value: 0xff0000ff]
13:30:06.332 [FXGL Background Thread 3 ] DEBUG Engine               - devEnableDebugCameraProperty: BooleanProperty [value: false]
13:30:06.332 [FXGL Background Thread 3 ] DEBUG Engine               - devSensorColorProperty: ObjectProperty [value: 0xffff00ff]
13:30:06.332 [FXGL Background Thread 3 ] DEBUG Engine               - devShowBBoxProperty: BooleanProperty [value: false]
13:30:06.332 [FXGL Background Thread 3 ] DEBUG Engine               - devShowPositionProperty: BooleanProperty [value: false]
13:30:06.332 [FXGL Background Thread 3 ] DEBUG Engine               - enabledMenuItems: []
13:30:06.332 [FXGL Background Thread 3 ] DEBUG Engine               - engineServices: [class com.almasb.fxgl.app.services.FXGLAssetLoaderService, class com.almasb.fxgl.app.FXGLApplication$GameApplicationService, class com.almasb.fxgl.app.services.FXGLDialogService, class com.almasb.fxgl.app.services.IOTaskExecutorService, class com.almasb.fxgl.io.FileSystemService, class com.almasb.fxgl.localization.LocalizationService, class com.almasb.fxgl.app.services.SystemBundleService, class com.almasb.fxgl.profile.SaveLoadService, class com.almasb.fxgl.ui.FXGLUIFactoryServiceProvider, class com.almasb.fxgl.ui.FXGLDialogFactoryServiceProvider, class com.almasb.fxgl.audio.AudioPlayer, class com.almasb.fxgl.notification.impl.NotificationServiceProvider, class com.almasb.fxgl.achievement.AchievementService, class com.almasb.fxgl.cutscene.CutsceneService, class com.almasb.fxgl.minigames.MiniGameService, class com.almasb.fxgl.net.NetService, class com.almasb.fxgl.app.services.UpdaterService, class com.almasb.fxgl.dev.DevService]
13:30:06.332 [FXGL Background Thread 3 ] DEBUG Engine               - fontGame: Abel-Regular.ttf
13:30:06.332 [FXGL Background Thread 3 ] DEBUG Engine               - fontMono: TerminalLandMono-Regular.otf
13:30:06.332 [FXGL Background Thread 3 ] DEBUG Engine               - fontSizeScaleUI: 1.0
13:30:06.332 [FXGL Background Thread 3 ] DEBUG Engine               - fontText: Courier-Prime.ttf
13:30:06.332 [FXGL Background Thread 3 ] DEBUG Engine               - fontUI: VarelaRound-Regular.ttf
13:30:06.332 [FXGL Background Thread 3 ] DEBUG Engine               - fullScreen: BooleanProperty [value: false]
13:30:06.332 [FXGL Background Thread 3 ] DEBUG Engine               - gameDifficulty: MEDIUM
13:30:06.332 [FXGL Background Thread 3 ] DEBUG Engine               - gameDifficultyProperty: ObjectProperty [value: MEDIUM]
13:30:06.332 [FXGL Background Thread 3 ] DEBUG Engine               - globalMusicVolume: 0.5
13:30:06.332 [FXGL Background Thread 3 ] DEBUG Engine               - globalMusicVolumeProperty: DoubleProperty [value: 0.5]
13:30:06.332 [FXGL Background Thread 3 ] DEBUG Engine               - globalSoundVolume: 0.5
13:30:06.332 [FXGL Background Thread 3 ] DEBUG Engine               - globalSoundVolumeProperty: DoubleProperty [value: 0.5]
13:30:06.332 [FXGL Background Thread 3 ] DEBUG Engine               - height: 600
13:30:06.332 [FXGL Background Thread 3 ] DEBUG Engine               - is3D: false
13:30:06.332 [FXGL Background Thread 3 ] DEBUG Engine               - isAndroid: false
13:30:06.332 [FXGL Background Thread 3 ] DEBUG Engine               - isBrowser: false
13:30:06.332 [FXGL Background Thread 3 ] DEBUG Engine               - isClickFeedbackEnabled: false
13:30:06.333 [FXGL Background Thread 3 ] DEBUG Engine               - isCloseConfirmation: false
13:30:06.333 [FXGL Background Thread 3 ] DEBUG Engine               - isDesktop: true
13:30:06.333 [FXGL Background Thread 3 ] DEBUG Engine               - isDeveloperMenuEnabled: false
13:30:06.333 [FXGL Background Thread 3 ] DEBUG Engine               - isEmbedded: false
13:30:06.333 [FXGL Background Thread 3 ] DEBUG Engine               - isEntityPreloadEnabled: true
13:30:06.333 [FXGL Background Thread 3 ] DEBUG Engine               - isExperimentalTiledLargeMap: false
13:30:06.333 [FXGL Background Thread 3 ] DEBUG Engine               - isFileSystemWriteAllowed: true
13:30:06.333 [FXGL Background Thread 3 ] DEBUG Engine               - isFullScreenAllowed: false
13:30:06.333 [FXGL Background Thread 3 ] DEBUG Engine               - isFullScreenFromStart: false
13:30:06.333 [FXGL Background Thread 3 ] DEBUG Engine               - isGameMenuEnabled: true
13:30:06.333 [FXGL Background Thread 3 ] DEBUG Engine               - isIOS: false
13:30:06.333 [FXGL Background Thread 3 ] DEBUG Engine               - isIntroEnabled: false
13:30:06.333 [FXGL Background Thread 3 ] DEBUG Engine               - isLinux: false
13:30:06.333 [FXGL Background Thread 3 ] DEBUG Engine               - isMac: false
13:30:06.333 [FXGL Background Thread 3 ] DEBUG Engine               - isMainMenuEnabled: false
13:30:06.333 [FXGL Background Thread 3 ] DEBUG Engine               - isManualResizeEnabled: false
13:30:06.333 [FXGL Background Thread 3 ] DEBUG Engine               - isMobile: false
13:30:06.333 [FXGL Background Thread 3 ] DEBUG Engine               - isNative: false
13:30:06.333 [FXGL Background Thread 3 ] DEBUG Engine               - isPauseMusicWhenMinimized: true
13:30:06.333 [FXGL Background Thread 3 ] DEBUG Engine               - isPreserveResizeRatio: false
13:30:06.333 [FXGL Background Thread 3 ] DEBUG Engine               - isProfilingEnabled: false
13:30:06.333 [FXGL Background Thread 3 ] DEBUG Engine               - isScaleAffectedOnResize: true
13:30:06.333 [FXGL Background Thread 3 ] DEBUG Engine               - isSingleStep: false
13:30:06.333 [FXGL Background Thread 3 ] DEBUG Engine               - isUserProfileEnabled: false
13:30:06.333 [FXGL Background Thread 3 ] DEBUG Engine               - isWindows: true
13:30:06.333 [FXGL Background Thread 3 ] DEBUG Engine               - language: ObjectProperty [value: ENGLISH]
13:30:06.333 [FXGL Background Thread 3 ] DEBUG Engine               - menuKey: ESCAPE
13:30:06.333 [FXGL Background Thread 3 ] DEBUG Engine               - mouseSensitivity: 0.2
13:30:06.333 [FXGL Background Thread 3 ] DEBUG Engine               - notificationViewClass: class com.almasb.fxgl.notification.view.XboxNotificationView
13:30:06.333 [FXGL Background Thread 3 ] DEBUG Engine               - pixelsPerMeter: 50.0
13:30:06.333 [FXGL Background Thread 3 ] DEBUG Engine               - platform: WINDOWS
13:30:06.333 [FXGL Background Thread 3 ] DEBUG Engine               - prefHeightProperty: ReadOnlyDoubleProperty [value: 600.0]
13:30:06.333 [FXGL Background Thread 3 ] DEBUG Engine               - prefWidthProperty: ReadOnlyDoubleProperty [value: 800.0]
13:30:06.333 [FXGL Background Thread 3 ] DEBUG Engine               - profileDir: profiles/
13:30:06.333 [FXGL Background Thread 3 ] DEBUG Engine               - profileName: StringProperty [value: DEFAULT]
13:30:06.333 [FXGL Background Thread 3 ] DEBUG Engine               - randomSeed: -1
13:30:06.333 [FXGL Background Thread 3 ] DEBUG Engine               - runtimeInfo: RuntimeInfo(platform=WINDOWS, version=17.3, build=30.03.2023 11.49)
13:30:06.333 [FXGL Background Thread 3 ] DEBUG Engine               - saveFileExt: sav
13:30:06.333 [FXGL Background Thread 3 ] DEBUG Engine               - scaledHeightProp$fxgl: DoubleProperty [bound, value: 600.0]
13:30:06.333 [FXGL Background Thread 3 ] DEBUG Engine               - scaledWidthProp$fxgl: DoubleProperty [bound, value: 800.0]
13:30:06.334 [FXGL Background Thread 3 ] DEBUG Engine               - sceneFactory: com.almasb.fxgl.app.scene.SceneFactory@76ce8fc9
13:30:06.334 [FXGL Background Thread 3 ] DEBUG Engine               - secondsIn24h: 60
13:30:06.334 [FXGL Background Thread 3 ] DEBUG Engine               - soundMenuBack: menu/back.wav
13:30:06.334 [FXGL Background Thread 3 ] DEBUG Engine               - soundMenuPress: menu/press.wav
13:30:06.334 [FXGL Background Thread 3 ] DEBUG Engine               - soundMenuSelect: menu/select.wav
13:30:06.334 [FXGL Background Thread 3 ] DEBUG Engine               - soundNotification: core/notification.wav
13:30:06.334 [FXGL Background Thread 3 ] DEBUG Engine               - stageStyle: DECORATED
13:30:06.334 [FXGL Background Thread 3 ] DEBUG Engine               - supportedLanguages: [ENGLISH, FRENCH, GERMAN, HUNGARIAN, RUSSIAN]
13:30:06.334 [FXGL Background Thread 3 ] DEBUG Engine               - ticksPerSecond: -1
13:30:06.334 [FXGL Background Thread 3 ] DEBUG Engine               - title: HandyDisplay
13:30:06.334 [FXGL Background Thread 3 ] DEBUG Engine               - urlGithub: https://github.com/AlmasB/FXGL
13:30:06.334 [FXGL Background Thread 3 ] DEBUG Engine               - urlLeaderboard: http://fxgl-top.herokuapp.com/
13:30:06.334 [FXGL Background Thread 3 ] DEBUG Engine               - urlPOM: https://raw.githubusercontent.com/AlmasB/FXGL/release/README.md
13:30:06.334 [FXGL Background Thread 3 ] DEBUG Engine               - userAppClass: class uk.iatom.handydisplay.fxgl.HDApp
13:30:06.334 [FXGL Background Thread 3 ] DEBUG Engine               - version: dev
13:30:06.334 [FXGL Background Thread 3 ] DEBUG Engine               - versionCheckDays: 7
13:30:06.334 [FXGL Background Thread 3 ] DEBUG Engine               - width: 800
13:30:06.334 [FXGL Background Thread 3 ] DEBUG Engine               - Logging services
13:30:06.334 [FXGL Background Thread 3 ] DEBUG Engine               - class com.almasb.fxgl.app.services.FXGLAssetLoaderService
13:30:06.334 [FXGL Background Thread 3 ] DEBUG Engine               - class com.almasb.fxgl.app.FXGLApplication$GameApplicationService
13:30:06.334 [FXGL Background Thread 3 ] DEBUG Engine               - class com.almasb.fxgl.app.services.FXGLDialogService
13:30:06.334 [FXGL Background Thread 3 ] DEBUG Engine               - class com.almasb.fxgl.app.services.IOTaskExecutorService
13:30:06.334 [FXGL Background Thread 3 ] DEBUG Engine               - class com.almasb.fxgl.io.FileSystemService
13:30:06.334 [FXGL Background Thread 3 ] DEBUG Engine               - class com.almasb.fxgl.localization.LocalizationService
13:30:06.334 [FXGL Background Thread 3 ] DEBUG Engine               - class com.almasb.fxgl.app.services.SystemBundleService
13:30:06.334 [FXGL Background Thread 3 ] DEBUG Engine               - class com.almasb.fxgl.profile.SaveLoadService
13:30:06.334 [FXGL Background Thread 3 ] DEBUG Engine               - class com.almasb.fxgl.ui.FXGLUIFactoryServiceProvider
13:30:06.334 [FXGL Background Thread 3 ] DEBUG Engine               - class com.almasb.fxgl.ui.FXGLDialogFactoryServiceProvider
13:30:06.334 [FXGL Background Thread 3 ] DEBUG Engine               - class com.almasb.fxgl.audio.AudioPlayer
13:30:06.334 [FXGL Background Thread 3 ] DEBUG Engine               - class com.almasb.fxgl.notification.impl.NotificationServiceProvider
13:30:06.334 [FXGL Background Thread 3 ] DEBUG Engine               - class com.almasb.fxgl.achievement.AchievementService
13:30:06.334 [FXGL Background Thread 3 ] DEBUG Engine               - class com.almasb.fxgl.cutscene.CutsceneService
13:30:06.334 [FXGL Background Thread 3 ] DEBUG Engine               - class com.almasb.fxgl.minigames.MiniGameService
13:30:06.334 [FXGL Background Thread 3 ] DEBUG Engine               - class com.almasb.fxgl.net.NetService
13:30:06.334 [FXGL Background Thread 3 ] DEBUG Engine               - class com.almasb.fxgl.app.services.UpdaterService
13:30:06.334 [FXGL Background Thread 3 ] DEBUG Engine               - class com.almasb.fxgl.dev.DevService
13:30:07.085 [JavaFX Application Thread] DEBUG FXGLApplication      - Exiting FXGL
13:30:07.085 [JavaFX Application Thread] DEBUG LoopRunner           - Stopping loop
13:30:07.085 [JavaFX Application Thread] DEBUG SystemBundleService  - Saving FXGL system data
13:30:07.086 [JavaFX Application Thread] DEBUG FileSystemAccess     - Writing to: C:\Users\GenElectrovise\OneDrive\Desktop\Programming\HandyDisplay\HandyDisplayKotlin\system\fxgl.bundle
13:30:07.091 [JavaFX Application Thread] DEBUG Async                - Shutting down background threads
13:30:07.091 [JavaFX Application Thread] DEBUG PrimaryStageWindow   - Closing main window
13:30:07.102 [JavaFX Application Thread] DEBUG Logger               - Closing Logger
